20:52:07 INFO  : Registering command handlers for SDK TCF services
20:52:08 INFO  : Launching XSCT server: xsct.bat -interactive C:\Users\13991\Desktop\EBAZ_GMAC\EBAZ_GMAC.sdk\temp_xsdb_launch_script.tcl
20:52:14 INFO  : XSCT server has started successfully.
20:52:19 INFO  : Successfully done setting XSCT server connection channel  
20:52:19 INFO  : Processing command line option -hwspec C:/Users/13991/Desktop/EBAZ_GMAC/EBAZ_GMAC.sdk/design_1_wrapper.hdf.
20:52:20 INFO  : Successfully done setting SDK workspace  
20:56:27 INFO  : 'targets -set -filter {jtag_cable_name =~ "Digilent JTAG-SMT2 21025DA09239" && level==0} -index 1' command is executed.
20:56:27 INFO  : 'fpga -state' command is executed.
20:56:29 INFO  : Connected to target on host '127.0.0.1' and port '3121'.
20:56:29 INFO  : Jtag cable 'Digilent JTAG-SMT2 21025DA09239' is selected.
20:56:29 INFO  : 'jtag frequency' command is executed.
20:56:29 INFO  : Sourcing of 'C:/Users/13991/Desktop/EBAZ_GMAC/EBAZ_GMAC.sdk/design_1_wrapper_hw_platform_0/ps7_init.tcl' is done.
20:56:29 INFO  : Context for 'APU' is selected.
20:56:29 INFO  : Hardware design information is loaded from 'C:/Users/13991/Desktop/EBAZ_GMAC/EBAZ_GMAC.sdk/design_1_wrapper_hw_platform_0/system.hdf'.
20:56:29 INFO  : 'configparams force-mem-access 1' command is executed.
20:56:30 INFO  : Context for 'APU' is selected.
20:56:30 INFO  : 'stop' command is executed.
20:56:30 INFO  : 'ps7_init' command is executed.
20:56:30 INFO  : 'ps7_post_config' command is executed.
20:56:30 INFO  : Context for processor 'ps7_cortexa9_0' is selected.
20:56:30 INFO  : Processor reset is completed for 'ps7_cortexa9_0'.
20:56:30 INFO  : Context for processor 'ps7_cortexa9_0' is selected.
20:56:31 INFO  : The application 'C:/Users/13991/Desktop/EBAZ_GMAC/EBAZ_GMAC.sdk/eth_test/Debug/eth_test.elf' is downloaded to processor 'ps7_cortexa9_0'.
20:56:31 INFO  : 'configparams force-mem-access 0' command is executed.
20:56:31 INFO  : ----------------XSDB Script----------------
connect -url tcp:127.0.0.1:3121
source C:/Users/13991/Desktop/EBAZ_GMAC/EBAZ_GMAC.sdk/design_1_wrapper_hw_platform_0/ps7_init.tcl
targets -set -nocase -filter {name =~"APU*" && jtag_cable_name =~ "Digilent JTAG-SMT2 21025DA09239"} -index 0
loadhw -hw C:/Users/13991/Desktop/EBAZ_GMAC/EBAZ_GMAC.sdk/design_1_wrapper_hw_platform_0/system.hdf -mem-ranges [list {0x40000000 0xbfffffff}]
configparams force-mem-access 1
targets -set -nocase -filter {name =~"APU*" && jtag_cable_name =~ "Digilent JTAG-SMT2 21025DA09239"} -index 0
stop
ps7_init
ps7_post_config
targets -set -nocase -filter {name =~ "ARM*#0" && jtag_cable_name =~ "Digilent JTAG-SMT2 21025DA09239"} -index 0
rst -processor
targets -set -nocase -filter {name =~ "ARM*#0" && jtag_cable_name =~ "Digilent JTAG-SMT2 21025DA09239"} -index 0
dow C:/Users/13991/Desktop/EBAZ_GMAC/EBAZ_GMAC.sdk/eth_test/Debug/eth_test.elf
configparams force-mem-access 0
----------------End of Script----------------

20:56:31 INFO  : Memory regions updated for context APU
20:56:31 INFO  : Context for processor 'ps7_cortexa9_0' is selected.
20:56:31 INFO  : 'con' command is executed.
20:56:31 INFO  : ----------------XSDB Script (After Launch)----------------
targets -set -nocase -filter {name =~ "ARM*#0" && jtag_cable_name =~ "Digilent JTAG-SMT2 21025DA09239"} -index 0
con
----------------End of Script----------------

20:56:31 INFO  : Launch script is exported to file 'C:\Users\13991\Desktop\EBAZ_GMAC\EBAZ_GMAC.sdk\.sdk\launch_scripts\xilinx_c-c++_application_(system_debugger)\system_debugger_using_debug_eth_test.elf_on_local.tcl'
20:56:47 INFO  : Disconnected from the channel tcfchan#1.
20:56:48 INFO  : Connected to target on host '127.0.0.1' and port '3121'.
20:56:49 INFO  : Jtag cable 'Digilent JTAG-SMT2 21025DA09239' is selected.
20:56:49 INFO  : 'jtag frequency' command is executed.
20:56:49 INFO  : Sourcing of 'C:/Users/13991/Desktop/EBAZ_GMAC/EBAZ_GMAC.sdk/design_1_wrapper_hw_platform_0/ps7_init.tcl' is done.
20:56:49 INFO  : 'targets -set -filter {jtag_cable_name =~ "Digilent JTAG-SMT2 21025DA09239" && level==0} -index 1' command is executed.
20:56:50 INFO  : FPGA configured successfully with bitstream "C:/Users/13991/Desktop/EBAZ_GMAC/EBAZ_GMAC.sdk/design_1_wrapper_hw_platform_0/design_1_wrapper.bit"
20:56:50 INFO  : Context for 'APU' is selected.
20:56:53 INFO  : Hardware design information is loaded from 'C:/Users/13991/Desktop/EBAZ_GMAC/EBAZ_GMAC.sdk/design_1_wrapper_hw_platform_0/system.hdf'.
20:56:53 INFO  : 'configparams force-mem-access 1' command is executed.
20:56:53 INFO  : Context for 'APU' is selected.
20:56:53 INFO  : 'stop' command is executed.
20:56:53 INFO  : 'ps7_init' command is executed.
20:56:53 INFO  : 'ps7_post_config' command is executed.
20:56:53 INFO  : Context for processor 'ps7_cortexa9_0' is selected.
20:56:53 INFO  : Processor reset is completed for 'ps7_cortexa9_0'.
20:56:53 INFO  : Context for processor 'ps7_cortexa9_0' is selected.
20:56:54 INFO  : The application 'C:/Users/13991/Desktop/EBAZ_GMAC/EBAZ_GMAC.sdk/eth_test/Debug/eth_test.elf' is downloaded to processor 'ps7_cortexa9_0'.
20:56:54 INFO  : 'configparams force-mem-access 0' command is executed.
20:56:54 INFO  : ----------------XSDB Script----------------
connect -url tcp:127.0.0.1:3121
source C:/Users/13991/Desktop/EBAZ_GMAC/EBAZ_GMAC.sdk/design_1_wrapper_hw_platform_0/ps7_init.tcl
targets -set -filter {jtag_cable_name =~ "Digilent JTAG-SMT2 21025DA09239" && level==0} -index 1
fpga -file C:/Users/13991/Desktop/EBAZ_GMAC/EBAZ_GMAC.sdk/design_1_wrapper_hw_platform_0/design_1_wrapper.bit
targets -set -nocase -filter {name =~"APU*" && jtag_cable_name =~ "Digilent JTAG-SMT2 21025DA09239"} -index 0
loadhw -hw C:/Users/13991/Desktop/EBAZ_GMAC/EBAZ_GMAC.sdk/design_1_wrapper_hw_platform_0/system.hdf -mem-ranges [list {0x40000000 0xbfffffff}]
configparams force-mem-access 1
targets -set -nocase -filter {name =~"APU*" && jtag_cable_name =~ "Digilent JTAG-SMT2 21025DA09239"} -index 0
stop
ps7_init
ps7_post_config
targets -set -nocase -filter {name =~ "ARM*#0" && jtag_cable_name =~ "Digilent JTAG-SMT2 21025DA09239"} -index 0
rst -processor
targets -set -nocase -filter {name =~ "ARM*#0" && jtag_cable_name =~ "Digilent JTAG-SMT2 21025DA09239"} -index 0
dow C:/Users/13991/Desktop/EBAZ_GMAC/EBAZ_GMAC.sdk/eth_test/Debug/eth_test.elf
configparams force-mem-access 0
----------------End of Script----------------

20:56:54 INFO  : Memory regions updated for context APU
20:56:54 INFO  : Context for processor 'ps7_cortexa9_0' is selected.
20:56:54 INFO  : 'con' command is executed.
20:56:54 INFO  : ----------------XSDB Script (After Launch)----------------
targets -set -nocase -filter {name =~ "ARM*#0" && jtag_cable_name =~ "Digilent JTAG-SMT2 21025DA09239"} -index 0
con
----------------End of Script----------------

20:56:54 INFO  : Launch script is exported to file 'C:\Users\13991\Desktop\EBAZ_GMAC\EBAZ_GMAC.sdk\.sdk\launch_scripts\xilinx_c-c++_application_(system_debugger)\system_debugger_using_debug_eth_test.elf_on_local.tcl'
20:59:22 INFO  : Disconnected from the channel tcfchan#2.
20:59:23 INFO  : Connected to target on host '127.0.0.1' and port '3121'.
20:59:23 INFO  : Jtag cable 'Digilent JTAG-SMT2 21025DA09239' is selected.
20:59:23 INFO  : 'jtag frequency' command is executed.
20:59:23 INFO  : Sourcing of 'C:/Users/13991/Desktop/EBAZ_GMAC/EBAZ_GMAC.sdk/design_1_wrapper_hw_platform_0/ps7_init.tcl' is done.
20:59:23 INFO  : 'targets -set -filter {jtag_cable_name =~ "Digilent JTAG-SMT2 21025DA09239" && level==0} -index 1' command is executed.
20:59:24 INFO  : FPGA configured successfully with bitstream "C:/Users/13991/Desktop/EBAZ_GMAC/EBAZ_GMAC.sdk/design_1_wrapper_hw_platform_0/design_1_wrapper.bit"
20:59:25 INFO  : Context for 'APU' is selected.
20:59:27 INFO  : Hardware design information is loaded from 'C:/Users/13991/Desktop/EBAZ_GMAC/EBAZ_GMAC.sdk/design_1_wrapper_hw_platform_0/system.hdf'.
20:59:27 INFO  : 'configparams force-mem-access 1' command is executed.
20:59:27 INFO  : Context for 'APU' is selected.
20:59:27 INFO  : 'stop' command is executed.
20:59:28 INFO  : 'ps7_init' command is executed.
20:59:28 INFO  : 'ps7_post_config' command is executed.
20:59:28 INFO  : Context for processor 'ps7_cortexa9_0' is selected.
20:59:28 INFO  : Processor reset is completed for 'ps7_cortexa9_0'.
20:59:28 INFO  : Context for processor 'ps7_cortexa9_0' is selected.
20:59:28 INFO  : The application 'C:/Users/13991/Desktop/EBAZ_GMAC/EBAZ_GMAC.sdk/eth_test/Debug/eth_test.elf' is downloaded to processor 'ps7_cortexa9_0'.
20:59:29 INFO  : 'configparams force-mem-access 0' command is executed.
20:59:29 INFO  : ----------------XSDB Script----------------
connect -url tcp:127.0.0.1:3121
source C:/Users/13991/Desktop/EBAZ_GMAC/EBAZ_GMAC.sdk/design_1_wrapper_hw_platform_0/ps7_init.tcl
targets -set -filter {jtag_cable_name =~ "Digilent JTAG-SMT2 21025DA09239" && level==0} -index 1
fpga -file C:/Users/13991/Desktop/EBAZ_GMAC/EBAZ_GMAC.sdk/design_1_wrapper_hw_platform_0/design_1_wrapper.bit
targets -set -nocase -filter {name =~"APU*" && jtag_cable_name =~ "Digilent JTAG-SMT2 21025DA09239"} -index 0
loadhw -hw C:/Users/13991/Desktop/EBAZ_GMAC/EBAZ_GMAC.sdk/design_1_wrapper_hw_platform_0/system.hdf -mem-ranges [list {0x40000000 0xbfffffff}]
configparams force-mem-access 1
targets -set -nocase -filter {name =~"APU*" && jtag_cable_name =~ "Digilent JTAG-SMT2 21025DA09239"} -index 0
stop
ps7_init
ps7_post_config
targets -set -nocase -filter {name =~ "ARM*#0" && jtag_cable_name =~ "Digilent JTAG-SMT2 21025DA09239"} -index 0
rst -processor
targets -set -nocase -filter {name =~ "ARM*#0" && jtag_cable_name =~ "Digilent JTAG-SMT2 21025DA09239"} -index 0
dow C:/Users/13991/Desktop/EBAZ_GMAC/EBAZ_GMAC.sdk/eth_test/Debug/eth_test.elf
configparams force-mem-access 0
----------------End of Script----------------

20:59:29 INFO  : Memory regions updated for context APU
20:59:29 INFO  : Context for processor 'ps7_cortexa9_0' is selected.
20:59:29 INFO  : 'con' command is executed.
20:59:29 INFO  : ----------------XSDB Script (After Launch)----------------
targets -set -nocase -filter {name =~ "ARM*#0" && jtag_cable_name =~ "Digilent JTAG-SMT2 21025DA09239"} -index 0
con
----------------End of Script----------------

20:59:29 INFO  : Launch script is exported to file 'C:\Users\13991\Desktop\EBAZ_GMAC\EBAZ_GMAC.sdk\.sdk\launch_scripts\xilinx_c-c++_application_(system_debugger)\system_debugger_using_debug_eth_test.elf_on_local.tcl'
21:06:53 INFO  : Disconnected from the channel tcfchan#3.
21:06:54 INFO  : Connected to target on host '127.0.0.1' and port '3121'.
21:06:55 INFO  : Jtag cable 'Digilent JTAG-SMT2 21025DA09239' is selected.
21:06:55 INFO  : 'jtag frequency' command is executed.
21:06:55 INFO  : Sourcing of 'C:/Users/13991/Desktop/EBAZ_GMAC/EBAZ_GMAC.sdk/design_1_wrapper_hw_platform_0/ps7_init.tcl' is done.
21:06:55 INFO  : 'targets -set -filter {jtag_cable_name =~ "Digilent JTAG-SMT2 21025DA09239" && level==0} -index 1' command is executed.
21:06:56 INFO  : FPGA configured successfully with bitstream "C:/Users/13991/Desktop/EBAZ_GMAC/EBAZ_GMAC.sdk/design_1_wrapper_hw_platform_0/design_1_wrapper.bit"
21:06:56 INFO  : Context for 'APU' is selected.
21:06:59 INFO  : Hardware design information is loaded from 'C:/Users/13991/Desktop/EBAZ_GMAC/EBAZ_GMAC.sdk/design_1_wrapper_hw_platform_0/system.hdf'.
21:06:59 INFO  : 'configparams force-mem-access 1' command is executed.
21:06:59 INFO  : Context for 'APU' is selected.
21:06:59 INFO  : 'stop' command is executed.
21:07:00 INFO  : 'ps7_init' command is executed.
21:07:00 INFO  : 'ps7_post_config' command is executed.
21:07:00 INFO  : Context for processor 'ps7_cortexa9_0' is selected.
21:07:00 INFO  : Processor reset is completed for 'ps7_cortexa9_0'.
21:07:00 INFO  : Context for processor 'ps7_cortexa9_0' is selected.
21:07:00 INFO  : The application 'C:/Users/13991/Desktop/EBAZ_GMAC/EBAZ_GMAC.sdk/eth_test/Debug/eth_test.elf' is downloaded to processor 'ps7_cortexa9_0'.
21:07:00 INFO  : 'configparams force-mem-access 0' command is executed.
21:07:00 INFO  : ----------------XSDB Script----------------
connect -url tcp:127.0.0.1:3121
source C:/Users/13991/Desktop/EBAZ_GMAC/EBAZ_GMAC.sdk/design_1_wrapper_hw_platform_0/ps7_init.tcl
targets -set -filter {jtag_cable_name =~ "Digilent JTAG-SMT2 21025DA09239" && level==0} -index 1
fpga -file C:/Users/13991/Desktop/EBAZ_GMAC/EBAZ_GMAC.sdk/design_1_wrapper_hw_platform_0/design_1_wrapper.bit
targets -set -nocase -filter {name =~"APU*" && jtag_cable_name =~ "Digilent JTAG-SMT2 21025DA09239"} -index 0
loadhw -hw C:/Users/13991/Desktop/EBAZ_GMAC/EBAZ_GMAC.sdk/design_1_wrapper_hw_platform_0/system.hdf -mem-ranges [list {0x40000000 0xbfffffff}]
configparams force-mem-access 1
targets -set -nocase -filter {name =~"APU*" && jtag_cable_name =~ "Digilent JTAG-SMT2 21025DA09239"} -index 0
stop
ps7_init
ps7_post_config
targets -set -nocase -filter {name =~ "ARM*#0" && jtag_cable_name =~ "Digilent JTAG-SMT2 21025DA09239"} -index 0
rst -processor
targets -set -nocase -filter {name =~ "ARM*#0" && jtag_cable_name =~ "Digilent JTAG-SMT2 21025DA09239"} -index 0
dow C:/Users/13991/Desktop/EBAZ_GMAC/EBAZ_GMAC.sdk/eth_test/Debug/eth_test.elf
configparams force-mem-access 0
----------------End of Script----------------

21:07:01 INFO  : Memory regions updated for context APU
21:07:01 INFO  : Context for processor 'ps7_cortexa9_0' is selected.
21:07:01 INFO  : 'con' command is executed.
21:07:01 INFO  : ----------------XSDB Script (After Launch)----------------
targets -set -nocase -filter {name =~ "ARM*#0" && jtag_cable_name =~ "Digilent JTAG-SMT2 21025DA09239"} -index 0
con
----------------End of Script----------------

21:07:01 INFO  : Launch script is exported to file 'C:\Users\13991\Desktop\EBAZ_GMAC\EBAZ_GMAC.sdk\.sdk\launch_scripts\xilinx_c-c++_application_(system_debugger)\system_debugger_using_debug_eth_test.elf_on_local.tcl'
23:26:15 INFO  : Disconnected from the channel tcfchan#4.
